<?xml version="1.0" encoding="UTF-8"?>
<testsuites name="jest tests" tests="4" failures="0" errors="0" time="6.903">
  <testsuite name="POST /newsletter/signup" errors="0" failures="0" skipped="0" timestamp="2023-06-22T09:29:59" time="6.194" tests="4">
    <testcase classname="POST /newsletter/signup should register a new user" name="POST /newsletter/signup should register a new user" time="0.118">
    </testcase>
    <testcase classname="POST /newsletter/signup should handle duplicate email error" name="POST /newsletter/signup should handle duplicate email error" time="0.039">
    </testcase>
    <testcase classname="POST /newsletter/signup should handle server errors" name="POST /newsletter/signup should handle server errors" time="0.02">
    </testcase>
    <testcase classname="POST /newsletter/signup should validate email" name="POST /newsletter/signup should validate email" time="0.011">
    </testcase>
  </testsuite>
</testsuites>