<?xml version="1.0" encoding="UTF-8"?>
<testsuites name="jest tests" tests="34" failures="0" errors="0" time="8.499">
  <testsuite name="PATCH /newsletter/edit/:id" errors="0" failures="0" skipped="0" timestamp="2023-07-16T11:58:27" time="6.21" tests="5">
    <testcase classname="PATCH /newsletter/edit/:id Good request should update user email successfully" name="PATCH /newsletter/edit/:id Good request should update user email successfully" time="0.073">
    </testcase>
    <testcase classname="PATCH /newsletter/edit/:id Wrong request should respond with 400 if email is invalid" name="PATCH /newsletter/edit/:id Wrong request should respond with 400 if email is invalid" time="0.013">
    </testcase>
    <testcase classname="PATCH /newsletter/edit/:id Wrong request should respond with 400 if email value is missing or not a string" name="PATCH /newsletter/edit/:id Wrong request should respond with 400 if email value is missing or not a string" time="0.014">
    </testcase>
    <testcase classname="PATCH /newsletter/edit/:id Wrong request should respond with 500 if something goes wrong in the database" name="PATCH /newsletter/edit/:id Wrong request should respond with 500 if something goes wrong in the database" time="0.012">
    </testcase>
    <testcase classname="PATCH /newsletter/edit/:id Wrong request should respond with 400 if the email is already in use" name="PATCH /newsletter/edit/:id Wrong request should respond with 400 if the email is already in use" time="0.011">
    </testcase>
  </testsuite>
  <testsuite name="GET /newsletter/registered" errors="0" failures="0" skipped="0" timestamp="2023-07-16T11:58:27" time="6.821" tests="15">
    <testcase classname="GET /newsletter/registered Good request should return all registered users" name="GET /newsletter/registered Good request should return all registered users" time="0.059">
    </testcase>
    <testcase classname="GET /newsletter/registered Good request should return registered users based on the active parameter" name="GET /newsletter/registered Good request should return registered users based on the active parameter" time="0.016">
    </testcase>
    <testcase classname="GET /newsletter/registered Good request should list registered users sorted by idAsc" name="GET /newsletter/registered Good request should list registered users sorted by idAsc" time="0.01">
    </testcase>
    <testcase classname="GET /newsletter/registered Good request should list registered users sorted by idDesc" name="GET /newsletter/registered Good request should list registered users sorted by idDesc" time="0.01">
    </testcase>
    <testcase classname="GET /newsletter/registered Good request should list registered users sorted by emailAsc" name="GET /newsletter/registered Good request should list registered users sorted by emailAsc" time="0.009">
    </testcase>
    <testcase classname="GET /newsletter/registered Good request should list registered users sorted by emailDesc" name="GET /newsletter/registered Good request should list registered users sorted by emailDesc" time="0.01">
    </testcase>
    <testcase classname="GET /newsletter/registered Good request should list registered users sorted by createdAtAsc" name="GET /newsletter/registered Good request should list registered users sorted by createdAtAsc" time="0.016">
    </testcase>
    <testcase classname="GET /newsletter/registered Good request should list registered users sorted by createdAtDesc" name="GET /newsletter/registered Good request should list registered users sorted by createdAtDesc" time="0.009">
    </testcase>
    <testcase classname="GET /newsletter/registered Good request should list registered users sorted by updatedAtAsc" name="GET /newsletter/registered Good request should list registered users sorted by updatedAtAsc" time="0.009">
    </testcase>
    <testcase classname="GET /newsletter/registered Good request should list registered users sorted by updatedAtDesc" name="GET /newsletter/registered Good request should list registered users sorted by updatedAtDesc" time="0.009">
    </testcase>
    <testcase classname="GET /newsletter/registered Good request should return users sorted by email in descending order" name="GET /newsletter/registered Good request should return users sorted by email in descending order" time="0.025">
    </testcase>
    <testcase classname="GET /newsletter/registered Bad request should return an error if the order parameter is invalid" name="GET /newsletter/registered Bad request should return an error if the order parameter is invalid" time="0.008">
    </testcase>
    <testcase classname="GET /newsletter/registered Bad request should return an error if the active parameter is invalid" name="GET /newsletter/registered Bad request should return an error if the active parameter is invalid" time="0.007">
    </testcase>
    <testcase classname="GET /newsletter/registered Bad request should return an error if the sort parameter is invalid" name="GET /newsletter/registered Bad request should return an error if the sort parameter is invalid" time="0.007">
    </testcase>
    <testcase classname="GET /newsletter/registered Bad request should handle server errors" name="GET /newsletter/registered Bad request should handle server errors" time="0.009">
    </testcase>
  </testsuite>
  <testsuite name="POST /newsletter/signup" errors="0" failures="0" skipped="0" timestamp="2023-07-16T11:58:34" time="0.621" tests="4">
    <testcase classname="POST /newsletter/signup Good request should register a new user" name="POST /newsletter/signup Good request should register a new user" time="0.034">
    </testcase>
    <testcase classname="POST /newsletter/signup Wrong request should handle duplicate email error" name="POST /newsletter/signup Wrong request should handle duplicate email error" time="0.019">
    </testcase>
    <testcase classname="POST /newsletter/signup Wrong request should handle server errors" name="POST /newsletter/signup Wrong request should handle server errors" time="0.011">
    </testcase>
    <testcase classname="POST /newsletter/signup Wrong request should validate email" name="POST /newsletter/signup Wrong request should validate email" time="0.017">
    </testcase>
  </testsuite>
  <testsuite name="GET /" errors="0" failures="0" skipped="0" timestamp="2023-07-16T11:58:34" time="0.46" tests="4">
    <testcase classname="GET / good request should return users based on the query string" name="GET / good request should return users based on the query string" time="0.019">
    </testcase>
    <testcase classname="GET / good request should return empty array if no users match the query string" name="GET / good request should return empty array if no users match the query string" time="0.013">
    </testcase>
    <testcase classname="GET / bad request should handle server errors" name="GET / bad request should handle server errors" time="0.013">
    </testcase>
    <testcase classname="GET / bad request should return 400 if query string is missing" name="GET / bad request should return 400 if query string is missing" time="0.007">
    </testcase>
  </testsuite>
  <testsuite name="PUT /newsletter/unsubscribe/:id" errors="0" failures="0" skipped="0" timestamp="2023-07-16T11:58:34" time="0.497" tests="3">
    <testcase classname="PUT /newsletter/unsubscribe/:id Good request should update user active status successfully" name="PUT /newsletter/unsubscribe/:id Good request should update user active status successfully" time="0.045">
    </testcase>
    <testcase classname="PUT /newsletter/unsubscribe/:id Wrong request should respond with 400 if active value is missing or not a boolean" name="PUT /newsletter/unsubscribe/:id Wrong request should respond with 400 if active value is missing or not a boolean" time="0.013">
    </testcase>
    <testcase classname="PUT /newsletter/unsubscribe/:id Wrong request should respond with 500 if something goes wrong in the database" name="PUT /newsletter/unsubscribe/:id Wrong request should respond with 500 if something goes wrong in the database" time="0.009">
    </testcase>
  </testsuite>
  <testsuite name="DELETE /newsletter/delete/:id" errors="0" failures="0" skipped="0" timestamp="2023-07-16T11:58:35" time="0.438" tests="3">
    <testcase classname="DELETE /newsletter/delete/:id Good request should delete the user successfully" name="DELETE /newsletter/delete/:id Good request should delete the user successfully" time="0.015">
    </testcase>
    <testcase classname="DELETE /newsletter/delete/:id Wrong request should respond with 404 if the user is not found" name="DELETE /newsletter/delete/:id Wrong request should respond with 404 if the user is not found" time="0.021">
    </testcase>
    <testcase classname="DELETE /newsletter/delete/:id Wrong request should respond with 500 if something goes wrong in the database" name="DELETE /newsletter/delete/:id Wrong request should respond with 500 if something goes wrong in the database" time="0.008">
    </testcase>
  </testsuite>
</testsuites>